#
# There is insufficient memory for the Java Runtime Environment to continue.
# Native memory allocation (malloc) failed to allocate 1275920 bytes for Chunk::new
# Possible reasons:
#   The system is out of physical RAM or swap space
#   The process is running with CompressedOops enabled, and the Java Heap may be blocking the growth of the native heap
# Possible solutions:
#   Reduce memory load on the system
#   Increase physical memory or swap space
#   Check if swap backing store is full
#   Decrease Java heap size (-Xmx/-Xms)
#   Decrease number of Java threads
#   Decrease Java thread stack sizes (-Xss)
#   Set larger code cache with -XX:ReservedCodeCacheSize=
#   JVM is running with Unscaled Compressed Oops mode in which the Java heap is
#     placed in the first 4GB address space. The Java Heap base address is the
#     maximum limit for the native heap growth. Please use -XX:HeapBaseMinAddress
#     to set the Java Heap base and to place the Java Heap above 4GB virtual address.
# This output file may be truncated or incomplete.
#
#  Out of Memory Error (allocation.cpp:389), pid=24436, tid=0x0000000000001cb0
#
# JRE version: OpenJDK Runtime Environment (8.0_242-b01) (build 1.8.0_242-release-1644-b01)
# Java VM: OpenJDK 64-Bit Server VM (25.242-b01 mixed mode windows-amd64 compressed oops)
# Failed to write core dump. Minidumps are not enabled by default on client versions of Windows
#

---------------  T H R E A D  ---------------

Current thread (0x000000001a350000):  JavaThread "C2 CompilerThread1" daemon [_thread_in_native, id=7344, stack(0x000000001aca0000,0x000000001ada0000)]

Stack: [0x000000001aca0000,0x000000001ada0000]
[error occurred during error reporting (printing stack bounds), id 0xc0000005]

Native frames: (J=compiled Java code, j=interpreted, Vv=VM code, C=native code)


Current CompileTask:
C2:  11628 8988       4       com.android.utils.XmlUtils::append (639 bytes)


---------------  P R O C E S S  ---------------

Java Threads: ( => current thread )
  0x000000001bd6b000 JavaThread "stdout" [_thread_in_native, id=22492, stack(0x0000000029480000,0x0000000029580000)]
  0x000000001bd70800 JavaThread "stderr" [_thread_in_native, id=28568, stack(0x00000000288b0000,0x00000000289b0000)]
  0x000000001bd72000 JavaThread "WorkerExecutor Queue Thread 8" [_thread_blocked, id=22560, stack(0x0000000029380000,0x0000000029480000)]
  0x000000001bd71000 JavaThread "WorkerExecutor Queue Thread 7" [_thread_blocked, id=21120, stack(0x0000000029280000,0x0000000029380000)]
  0x000000001bd69800 JavaThread "pool-3-thread-1" [_thread_blocked, id=15912, stack(0x0000000029180000,0x0000000029280000)]
  0x000000001bd68000 JavaThread "WorkerExecutor Queue Thread 6" [_thread_blocked, id=27140, stack(0x0000000029080000,0x0000000029180000)]
  0x000000001bd69000 JavaThread "WorkerExecutor Queue Thread 5" [_thread_blocked, id=13172, stack(0x0000000028f80000,0x0000000029080000)]
  0x000000001bd6c000 JavaThread "WorkerExecutor Queue Thread 4" [_thread_in_native, id=17688, stack(0x0000000028e80000,0x0000000028f80000)]
  0x000000001bd6a800 JavaThread "WorkerExecutor Queue Thread 3" [_thread_blocked, id=21836, stack(0x0000000028d80000,0x0000000028e80000)]
  0x000000001bd6d800 JavaThread "WorkerExecutor Queue Thread 2" [_thread_blocked, id=30440, stack(0x0000000028b30000,0x0000000028c30000)]
  0x000000001bd6c800 JavaThread "WorkerExecutor Queue" [_thread_blocked, id=2160, stack(0x0000000028a30000,0x0000000028b30000)]
  0x00000000202f8800 JavaThread "Cache worker for execution history cache (C:\Users\thddn\Desktop\4\Android\final\final\.gradle\6.1.1\executionHistory)" [_thread_blocked, id=23336, stack(0x0000000028000000,0x0000000028100000)]
  0x00000000202f0000 JavaThread "Execution worker for ':' Thread 7" [_thread_blocked, id=4204, stack(0x0000000027d00000,0x0000000027e00000)]
  0x00000000202f7000 JavaThread "Execution worker for ':' Thread 6" [_thread_blocked, id=23280, stack(0x0000000027c00000,0x0000000027d00000)]
  0x00000000202f3000 JavaThread "Execution worker for ':' Thread 5" [_thread_blocked, id=18476, stack(0x0000000027b00000,0x0000000027c00000)]
  0x00000000202f5800 JavaThread "Execution worker for ':' Thread 4" [_thread_blocked, id=28948, stack(0x0000000027a00000,0x0000000027b00000)]
  0x00000000202f4800 JavaThread "Execution worker for ':' Thread 3" [_thread_blocked, id=19612, stack(0x0000000027900000,0x0000000027a00000)]
  0x00000000202ef000 JavaThread "Execution worker for ':' Thread 2" [_thread_blocked, id=18772, stack(0x0000000027800000,0x0000000027900000)]
  0x00000000202f4000 JavaThread "Execution worker for ':'" [_thread_blocked, id=25904, stack(0x0000000027700000,0x0000000027800000)]
  0x00000000202f1800 JavaThread "Cache worker for file content cache (C:\Users\thddn\Desktop\4\Android\final\final\.gradle\6.1.1\fileContent)" [_thread_blocked, id=22876, stack(0x0000000027200000,0x0000000027300000)]
  0x00000000202f6000 JavaThread "Cache worker for file content cache (C:\Users\thddn\.gradle\caches\6.1.1\fileContent)" [_thread_blocked, id=25392, stack(0x0000000027000000,0x0000000027100000)]
  0x00000000202f2800 JavaThread "Memory manager" [_thread_blocked, id=7272, stack(0x00000000266d0000,0x00000000267d0000)]
  0x000000001c1df800 JavaThread "Cache worker for Build Output Cleanup Cache (C:\Users\thddn\Desktop\4\Android\final\final\.gradle\buildOutputCleanup)" [_thread_blocked, id=27104, stack(0x00000000263d0000,0x00000000264d0000)]
  0x000000001c1d6000 JavaThread "pool-1-thread-1" [_thread_blocked, id=22000, stack(0x00000000260d0000,0x00000000261d0000)]
  0x000000001c1d5000 JavaThread "Build operations Thread 8" [_thread_blocked, id=2096, stack(0x0000000024c00000,0x0000000024d00000)]
  0x000000001c1dc000 JavaThread "Build operations Thread 7" [_thread_blocked, id=12760, stack(0x0000000024b00000,0x0000000024c00000)]
  0x000000001c1d4800 JavaThread "Build operations Thread 6" [_thread_blocked, id=28784, stack(0x0000000024a00000,0x0000000024b00000)]
  0x000000001c1db000 JavaThread "Build operations Thread 5" [_thread_blocked, id=29580, stack(0x0000000023910000,0x0000000023a10000)]
  0x000000001c1da800 JavaThread "Build operations Thread 4" [_thread_blocked, id=16820, stack(0x0000000023810000,0x0000000023910000)]
  0x000000001c1d9800 JavaThread "Build operations Thread 3" [_thread_blocked, id=6320, stack(0x0000000023710000,0x0000000023810000)]
  0x000000001c1d2000 JavaThread "Build operations Thread 2" [_thread_blocked, id=2808, stack(0x0000000023610000,0x0000000023710000)]
  0x000000001c1d3000 JavaThread "Build operations" [_thread_blocked, id=11096, stack(0x0000000023510000,0x0000000023610000)]
  0x000000001c1d7800 JavaThread "Cache worker for execution history cache (C:\Users\thddn\.gradle\caches\6.1.1\executionHistory)" [_thread_blocked, id=2628, stack(0x0000000021840000,0x0000000021940000)]
  0x000000001c1d6800 JavaThread "Cache worker for cache directory md-rule (C:\Users\thddn\.gradle\caches\6.1.1\md-rule)" [_thread_blocked, id=10988, stack(0x0000000021740000,0x0000000021840000)]
  0x000000001cd42000 JavaThread "Cache worker for cache directory md-supplier (C:\Users\thddn\.gradle\caches\6.1.1\md-supplier)" [_thread_blocked, id=14112, stack(0x0000000021070000,0x0000000021170000)]
  0x000000001cd44000 JavaThread "Cache worker for file hash cache (C:\Users\thddn\Desktop\4\Android\final\final\.gradle\6.1.1\fileHashes)" [_thread_blocked, id=3616, stack(0x0000000021440000,0x0000000021540000)]
  0x000000001cd43800 JavaThread "Cache worker for checksums cache (C:\Users\thddn\Desktop\4\Android\final\final\.gradle\checksums)" [_thread_blocked, id=12516, stack(0x000000001ff80000,0x0000000020080000)]
  0x000000001cd45000 JavaThread "Cache worker for file hash cache (C:\Users\thddn\.gradle\caches\6.1.1\fileHashes)" [_thread_blocked, id=7812, stack(0x000000001ec20000,0x000000001ed20000)]
  0x000000001cd42800 JavaThread "File lock request listener" [_thread_in_native, id=16764, stack(0x000000001eb20000,0x000000001ec20000)]
  0x000000001d0c1800 JavaThread "Cache worker for journal cache (C:\Users\thddn\.gradle\caches\journal-1)" [_thread_blocked, id=23388, stack(0x000000001ea20000,0x000000001eb20000)]
  0x000000001cdfd000 JavaThread "Thread-9" [_thread_blocked, id=17340, stack(0x000000001e720000,0x000000001e820000)]
  0x000000001cdfb800 JavaThread "Stdin handler" [_thread_blocked, id=11376, stack(0x000000001e620000,0x000000001e720000)]
  0x000000001ce0f000 JavaThread "Asynchronous log dispatcher for DefaultDaemonConnection: socket connection from /127.0.0.1:65270 to /127.0.0.1:65272" [_thread_blocked, id=17280, stack(0x000000001e520000,0x000000001e620000)]
  0x000000001cda8800 JavaThread "Daemon worker" [_thread_blocked, id=26888, stack(0x000000001e420000,0x000000001e520000)]
  0x000000001ce12800 JavaThread "Cancel handler" [_thread_blocked, id=29936, stack(0x000000001e320000,0x000000001e420000)]
  0x000000001cbe2000 JavaThread "Handler for socket connection from /127.0.0.1:65270 to /127.0.0.1:65272" [_thread_in_native, id=10424, stack(0x000000001e020000,0x000000001e120000)]
  0x000000001cbe1800 JavaThread "Daemon" [_thread_blocked, id=23384, stack(0x000000001df20000,0x000000001e020000)]
  0x000000001cce6000 JavaThread "Daemon periodic checks" [_thread_blocked, id=21908, stack(0x000000001de20000,0x000000001df20000)]
  0x000000001cce4000 JavaThread "Incoming local TCP Connector on port 65270" [_thread_in_native, id=19464, stack(0x000000001dc40000,0x000000001dd40000)]
  0x000000001cc67800 JavaThread "Daemon health stats" [_thread_blocked, id=27524, stack(0x000000001db40000,0x000000001dc40000)]
  0x000000001a447000 JavaThread "Service Thread" daemon [_thread_blocked, id=14452, stack(0x000000001afa0000,0x000000001b0a0000)]
  0x000000001a3aa000 JavaThread "C1 CompilerThread3" daemon [_thread_in_native, id=6944, stack(0x000000001aea0000,0x000000001afa0000)]
  0x000000001a351800 JavaThread "C2 CompilerThread2" daemon [_thread_in_native, id=13068, stack(0x000000001ada0000,0x000000001aea0000)]
=>0x000000001a350000 JavaThread "C2 CompilerThread1" daemon [_thread_in_native, id=7344, stack(0x000000001aca0000,0x000000001ada0000)]
  0x000000001a34b800 JavaThread "C2 CompilerThread0" daemon [_thread_in_native, id=24552, stack(0x000000001aba0000,0x000000001aca0000)]
  0x000000001a34a800 JavaThread "Attach Listener" daemon [_thread_blocked, id=8656, stack(0x000000001aaa0000,0x000000001aba0000)]
  0x000000001a3a8000 JavaThread "Signal Dispatcher" daemon [_thread_blocked, id=15288, stack(0x000000001a9a0000,0x000000001aaa0000)]
  0x000000001a331800 JavaThread "Finalizer" daemon [_thread_blocked, id=25484, stack(0x000000001a810000,0x000000001a910000)]
  0x000000001a330800 JavaThread "Reference Handler" daemon [_thread_blocked, id=21528, stack(0x000000001a710000,0x000000001a810000)]
  0x00000000017ce800 JavaThread "main" [_thread_blocked, id=17768, stack(0x00000000032c0000,0x00000000033c0000)]

Other Threads:
  0x0000000018528000 VMThread [stack: 0x000000001a210000,0x000000001a310000] [id=12212]
  0x000000001a447800 WatcherThread [stack: 0x000000001b0a0000,0x000000001b1a0000] [id=1276]

VM state:not at safepoint (normal execution)

VM Mutex/Monitor currently owned by a thread: None

heap address: 0x0000000080000000, size: 2048 MB, Compressed Oops mode: 32-bit
Narrow klass base: 0x0000000000000000, Narrow klass shift: 3
Compressed class space size: 1073741824 Address: 0x0000000100000000

Heap:
 PSYoungGen      total 226304K, used 214890K [0x00000000d5580000, 0x00000000e8700000, 0x0000000100000000)
  eden space 207872K, 94% used [0x00000000d5580000,0x00000000e155f620,0x00000000e2080000)
  from space 18432K, 99% used [0x00000000e2080000,0x00000000e327b520,0x00000000e3280000)
  to   space 18944K, 0% used [0x00000000e3280000,0x00000000e3280000,0x00000000e4500000)
 ParOldGen       total 175616K, used 31659K [0x0000000080000000, 0x000000008ab80000, 0x00000000d5580000)
  object space 175616K, 18% used [0x0000000080000000,0x0000000081eead08,0x000000008ab80000)
 Metaspace       used 64646K, capacity 68108K, committed 68264K, reserved 1107968K
  class space    used 8842K, capacity 9539K, committed 9648K, reserved 1048576K

Card table byte_map: [0x0000000012880000,0x0000000012c90000] byte_map_base: 0x0000000012480000

Marking Bits: (ParMarkBitMap*) 0x000000006211f030
 Begin Bits: [0x0000000013740000, 0x0000000015740000)
 End Bits:   [0x0000000015740000, 0x0000000017740000)

Polling page: 0x00000000016a0000

CodeCache: size=245760Kb used=26463Kb max_used=26463Kb free=219296Kb
 bounds [0x00000000034c0000, 0x0000000004ec0000, 0x00000000124c0000]
 total_blobs=9062 nmethods=8267 adapters=707
 compilation: enabled

Compilation events (10 events):
Event: 11.625 Thread 0x000000001a3aa000 nmethod 9405 0x0000000004eae490 code [0x0000000004eae5e0, 0x0000000004eae750]
Event: 11.625 Thread 0x000000001a3aa000 9406       2       org.gradle.internal.execution.steps.LoadExecutionStateStep$$Lambda$487/322082831::apply (12 bytes)
Event: 11.626 Thread 0x000000001a3aa000 nmethod 9406 0x0000000004eae7d0 code [0x0000000004eae960, 0x0000000004eaed48]
Event: 11.626 Thread 0x000000001a3aa000 9407       2       org.gradle.internal.execution.steps.LoadExecutionStateStep::lambda$execute$0 (13 bytes)
Event: 11.626 Thread 0x000000001a3aa000 nmethod 9407 0x0000000004eaf090 code [0x0000000004eaf220, 0x0000000004eaf588]
Event: 11.626 Thread 0x000000001a3aa000 9408       2       org.gradle.internal.execution.steps.LoadExecutionStateStep$1::<init> (26 bytes)
Event: 11.626 Thread 0x000000001a3aa000 nmethod 9408 0x0000000004eaf850 code [0x0000000004eaf9a0, 0x0000000004eafb30]
Event: 11.626 Thread 0x000000001a3aa000 9409       2       org.gradle.internal.snapshot.impl.ImplementationSnapshot::of (36 bytes)
Event: 11.627 Thread 0x000000001a3aa000 nmethod 9409 0x0000000004eafbd0 code [0x0000000004eafd60, 0x0000000004eb0098]
Event: 11.627 Thread 0x000000001a3aa000 9410   !   2       org.gradle.api.internal.project.DefaultProjectStateRegistry::stateFor (71 bytes)

GC Heap History (10 events):
Event: 5.724 GC heap before
{Heap before GC invocations=10 (full 2):
 PSYoungGen      total 122368K, used 110080K [0x00000000d5580000, 0x00000000e2100000, 0x0000000100000000)
  eden space 110080K, 100% used [0x00000000d5580000,0x00000000dc100000,0x00000000dc100000)
  from space 12288K, 0% used [0x00000000dc100000,0x00000000dc100000,0x00000000dcd00000)
  to   space 11776K, 0% used [0x00000000e1580000,0x00000000e1580000,0x00000000e2100000)
 ParOldGen       total 139264K, used 15434K [0x0000000080000000, 0x0000000088800000, 0x00000000d5580000)
  object space 139264K, 11% used [0x0000000080000000,0x0000000080f12a70,0x0000000088800000)
 Metaspace       used 43333K, capacity 44848K, committed 44968K, reserved 1087488K
  class space    used 5861K, capacity 6262K, committed 6320K, reserved 1048576K
Event: 5.733 GC heap after
Heap after GC invocations=10 (full 2):
 PSYoungGen      total 173568K, used 11757K [0x00000000d5580000, 0x00000000e2100000, 0x0000000100000000)
  eden space 161792K, 0% used [0x00000000d5580000,0x00000000d5580000,0x00000000df380000)
  from space 11776K, 99% used [0x00000000e1580000,0x00000000e20fb708,0x00000000e2100000)
  to   space 12800K, 0% used [0x00000000e0800000,0x00000000e0800000,0x00000000e1480000)
 ParOldGen       total 139264K, used 15926K [0x0000000080000000, 0x0000000088800000, 0x00000000d5580000)
  object space 139264K, 11% used [0x0000000080000000,0x0000000080f8d9d0,0x0000000088800000)
 Metaspace       used 43333K, capacity 44848K, committed 44968K, reserved 1087488K
  class space    used 5861K, capacity 6262K, committed 6320K, reserved 1048576K
}
Event: 7.621 GC heap before
{Heap before GC invocations=11 (full 2):
 PSYoungGen      total 173568K, used 173549K [0x00000000d5580000, 0x00000000e2100000, 0x0000000100000000)
  eden space 161792K, 100% used [0x00000000d5580000,0x00000000df380000,0x00000000df380000)
  from space 11776K, 99% used [0x00000000e1580000,0x00000000e20fb708,0x00000000e2100000)
  to   space 12800K, 0% used [0x00000000e0800000,0x00000000e0800000,0x00000000e1480000)
 ParOldGen       total 139264K, used 15926K [0x0000000080000000, 0x0000000088800000, 0x00000000d5580000)
  object space 139264K, 11% used [0x0000000080000000,0x0000000080f8d9d0,0x0000000088800000)
 Metaspace       used 56780K, capacity 58850K, committed 59048K, reserved 1099776K
  class space    used 7780K, capacity 8250K, committed 8368K, reserved 1048576K
Event: 7.653 GC heap after
Heap after GC invocations=11 (full 2):
 PSYoungGen      total 195584K, used 12788K [0x00000000d5580000, 0x00000000e4500000, 0x0000000100000000)
  eden space 182784K, 0% used [0x00000000d5580000,0x00000000d5580000,0x00000000e0800000)
  from space 12800K, 99% used [0x00000000e0800000,0x00000000e147d320,0x00000000e1480000)
  to   space 18944K, 0% used [0x00000000e3280000,0x00000000e3280000,0x00000000e4500000)
 ParOldGen       total 139264K, used 28138K [0x0000000080000000, 0x0000000088800000, 0x00000000d5580000)
  object space 139264K, 20% used [0x0000000080000000,0x0000000081b7a910,0x0000000088800000)
 Metaspace       used 56780K, capacity 58850K, committed 59048K, reserved 1099776K
  class space    used 7780K, capacity 8250K, committed 8368K, reserved 1048576K
}
Event: 7.685 GC heap before
{Heap before GC invocations=12 (full 2):
 PSYoungGen      total 195584K, used 16448K [0x00000000d5580000, 0x00000000e4500000, 0x0000000100000000)
  eden space 182784K, 2% used [0x00000000d5580000,0x00000000d59130b8,0x00000000e0800000)
  from space 12800K, 99% used [0x00000000e0800000,0x00000000e147d320,0x00000000e1480000)
  to   space 18944K, 0% used [0x00000000e3280000,0x00000000e3280000,0x00000000e4500000)
 ParOldGen       total 139264K, used 28138K [0x0000000080000000, 0x0000000088800000, 0x00000000d5580000)
  object space 139264K, 20% used [0x0000000080000000,0x0000000081b7a910,0x0000000088800000)
 Metaspace       used 56981K, capacity 59022K, committed 59160K, reserved 1099776K
  class space    used 7804K, capacity 8284K, committed 8368K, reserved 1048576K
Event: 7.705 GC heap after
Heap after GC invocations=12 (full 2):
 PSYoungGen      total 226816K, used 8014K [0x00000000d5580000, 0x00000000e8700000, 0x0000000100000000)
  eden space 207872K, 0% used [0x00000000d5580000,0x00000000d5580000,0x00000000e2080000)
  from space 18944K, 42% used [0x00000000e3280000,0x00000000e3a538f0,0x00000000e4500000)
  to   space 18432K, 0% used [0x00000000e2080000,0x00000000e2080000,0x00000000e3280000)
 ParOldGen       total 139264K, used 33136K [0x0000000080000000, 0x0000000088800000, 0x00000000d5580000)
  object space 139264K, 23% used [0x0000000080000000,0x000000008205c050,0x0000000088800000)
 Metaspace       used 56981K, capacity 59022K, committed 59160K, reserved 1099776K
  class space    used 7804K, capacity 8284K, committed 8368K, reserved 1048576K
}
Event: 7.705 GC heap before
{Heap before GC invocations=13 (full 3):
 PSYoungGen      total 226816K, used 8014K [0x00000000d5580000, 0x00000000e8700000, 0x0000000100000000)
  eden space 207872K, 0% used [0x00000000d5580000,0x00000000d5580000,0x00000000e2080000)
  from space 18944K, 42% used [0x00000000e3280000,0x00000000e3a538f0,0x00000000e4500000)
  to   space 18432K, 0% used [0x00000000e2080000,0x00000000e2080000,0x00000000e3280000)
 ParOldGen       total 139264K, used 33136K [0x0000000080000000, 0x0000000088800000, 0x00000000d5580000)
  object space 139264K, 23% used [0x0000000080000000,0x000000008205c050,0x0000000088800000)
 Metaspace       used 56981K, capacity 59022K, committed 59160K, reserved 1099776K
  class space    used 7804K, capacity 8284K, committed 8368K, reserved 1048576K
Event: 7.912 GC heap after
Heap after GC invocations=13 (full 3):
 PSYoungGen      total 226816K, used 0K [0x00000000d5580000, 0x00000000e8700000, 0x0000000100000000)
  eden space 207872K, 0% used [0x00000000d5580000,0x00000000d5580000,0x00000000e2080000)
  from space 18944K, 0% used [0x00000000e3280000,0x00000000e3280000,0x00000000e4500000)
  to   space 18432K, 0% used [0x00000000e2080000,0x00000000e2080000,0x00000000e3280000)
 ParOldGen       total 175616K, used 28441K [0x0000000080000000, 0x000000008ab80000, 0x00000000d5580000)
  object space 175616K, 16% used [0x0000000080000000,0x0000000081bc6468,0x000000008ab80000)
 Metaspace       used 56954K, capacity 58932K, committed 59160K, reserved 1099776K
  class space    used 7795K, capacity 8269K, committed 8368K, reserved 1048576K
}
Event: 9.868 GC heap before
{Heap before GC invocations=14 (full 3):
 PSYoungGen      total 226816K, used 207872K [0x00000000d5580000, 0x00000000e8700000, 0x0000000100000000)
  eden space 207872K, 100% used [0x00000000d5580000,0x00000000e2080000,0x00000000e2080000)
  from space 18944K, 0% used [0x00000000e3280000,0x00000000e3280000,0x00000000e4500000)
  to   space 18432K, 0% used [0x00000000e2080000,0x00000000e2080000,0x00000000e3280000)
 ParOldGen       total 175616K, used 28441K [0x0000000080000000, 0x000000008ab80000, 0x00000000d5580000)
  object space 175616K, 16% used [0x0000000080000000,0x0000000081bc6468,0x000000008ab80000)
 Metaspace       used 63054K, capacity 66428K, committed 66472K, reserved 1105920K
  class space    used 8710K, capacity 9377K, committed 9392K, reserved 1048576K
Event: 9.882 GC heap after
Heap after GC invocations=14 (full 3):
 PSYoungGen      total 226304K, used 18413K [0x00000000d5580000, 0x00000000e8700000, 0x0000000100000000)
  eden space 207872K, 0% used [0x00000000d5580000,0x00000000d5580000,0x00000000e2080000)
  from space 18432K, 99% used [0x00000000e2080000,0x00000000e327b520,0x00000000e3280000)
  to   space 18944K, 0% used [0x00000000e3280000,0x00000000e3280000,0x00000000e4500000)
 ParOldGen       total 175616K, used 31659K [0x0000000080000000, 0x000000008ab80000, 0x00000000d5580000)
  object space 175616K, 18% used [0x0000000080000000,0x0000000081eead08,0x000000008ab80000)
 Metaspace       used 63054K, capacity 66428K, committed 66472K, reserved 1105920K
  class space    used 8710K, capacity 9377K, committed 9392K, reserved 1048576K
}

Deoptimization events (10 events):
Event: 11.364 Thread 0x00000000202f0000 Uncommon trap: reason=bimorphic action=maybe_recompile pc=0x0000000004d35e9c method=com.sun.org.apache.xerces.internal.dom.ParentNode.checkNormalizationAfterInsert(Lcom/sun/org/apache/xerces/internal/dom/ChildNode;)V @ 23
Event: 11.366 Thread 0x00000000202f0000 Uncommon trap: reason=class_check action=maybe_recompile pc=0x0000000004d328b0 method=com.sun.org.apache.xerces.internal.dom.ElementImpl.getAttributes()Lorg/w3c/dom/NamedNodeMap; @ 8
Event: 11.366 Thread 0x00000000202f0000 Uncommon trap: reason=class_check action=maybe_recompile pc=0x0000000004d328b0 method=com.sun.org.apache.xerces.internal.dom.ElementImpl.getAttributes()Lorg/w3c/dom/NamedNodeMap; @ 8
Event: 11.366 Thread 0x00000000202f0000 Uncommon trap: reason=class_check action=maybe_recompile pc=0x0000000004d328b0 method=com.sun.org.apache.xerces.internal.dom.ElementImpl.getAttributes()Lorg/w3c/dom/NamedNodeMap; @ 8
Event: 11.366 Thread 0x00000000202f0000 Uncommon trap: reason=class_check action=maybe_recompile pc=0x0000000004d328b0 method=com.sun.org.apache.xerces.internal.dom.ElementImpl.getAttributes()Lorg/w3c/dom/NamedNodeMap; @ 8
Event: 11.383 Thread 0x00000000202f0000 Uncommon trap: reason=unstable_if action=reinterpret pc=0x0000000004d57178 method=com.android.utils.XmlUtils.toXmlAttributeValue(Ljava/lang/String;)Ljava/lang/String; @ 33
Event: 11.396 Thread 0x00000000202f0000 Uncommon trap: reason=unstable_if action=reinterpret pc=0x0000000004df9f08 method=sun.nio.cs.UTF_8$Encoder.encodeArrayLoop(Ljava/nio/CharBuffer;Ljava/nio/ByteBuffer;)Ljava/nio/charset/CoderResult; @ 175
Event: 11.396 Thread 0x00000000202f0000 Uncommon trap: reason=unstable_if action=reinterpret pc=0x0000000004d66318 method=sun.nio.cs.UTF_8$Encoder.encodeArrayLoop(Ljava/nio/CharBuffer;Ljava/nio/ByteBuffer;)Ljava/nio/charset/CoderResult; @ 400
Event: 11.590 Thread 0x00000000202ef000 Uncommon trap: reason=unstable_if action=reinterpret pc=0x000000000479ff98 method=com.google.common.collect.MapMakerInternalMap$Segment.drainKeyReferenceQueue(Ljava/lang/ref/ReferenceQueue;)V @ 8
Event: 11.593 Thread 0x00000000202f4800 Uncommon trap: reason=unstable_if action=reinterpret pc=0x000000000478eecc method=java.util.HashMap$HashIterator.<init>(Ljava/util/HashMap;)V @ 45

Classes redefined (0 events):
No events

Internal exceptions (10 events):
Event: 9.275 Thread 0x000000001cdfd000 Exception <a 'java/lang/NoSuchMethodError': <clinit>> (0x00000000d5952020) thrown at [C:\src\AOSP-openjdk-git\hotspot\src\share\vm\prims\jni.cpp, line 1615]
Event: 9.275 Thread 0x000000001cdfd000 Exception <a 'java/lang/NoSuchMethodError': <clinit>> (0x00000000d5953b58) thrown at [C:\src\AOSP-openjdk-git\hotspot\src\share\vm\prims\jni.cpp, line 1615]
Event: 9.323 Thread 0x000000001cdfd000 Exception <a 'java/lang/NoSuchMethodError': <clinit>> (0x00000000d5960978) thrown at [C:\src\AOSP-openjdk-git\hotspot\src\share\vm\prims\jni.cpp, line 1615]
Event: 9.646 Thread 0x00000000202f0000 Exception <a 'java/lang/NoSuchMethodError': java.lang.Object.lambda$comparingByKey$bbdbfea9$1(Ljava/util/Map$Entry;Ljava/util/Map$Entry;)I> (0x00000000e0b02118) thrown at [C:\src\AOSP-openjdk-git\hotspot\src\share\vm\interpreter\linkResolver.cpp, line 620
Event: 9.722 Thread 0x00000000202f0000 Implicit null exception at 0x00000000043bf4de to 0x00000000043bf661
Event: 11.363 Thread 0x00000000202f0000 Implicit null exception at 0x0000000004de4c1b to 0x0000000004de60c1
Event: 11.490 Thread 0x00000000202f0000 Exception <a 'java/lang/NoSuchMethodError': <clinit>> (0x00000000dfa191c0) thrown at [C:\src\AOSP-openjdk-git\hotspot\src\share\vm\prims\jni.cpp, line 1615]
Event: 11.491 Thread 0x00000000202f0000 Exception <a 'java/lang/NoSuchMethodError': <clinit>> (0x00000000dfa29ac0) thrown at [C:\src\AOSP-openjdk-git\hotspot\src\share\vm\prims\jni.cpp, line 1615]
Event: 11.492 Thread 0x00000000202f0000 Exception <a 'java/lang/NoSuchMethodError': <clinit>> (0x00000000dfa39ee0) thrown at [C:\src\AOSP-openjdk-git\hotspot\src\share\vm\prims\jni.cpp, line 1615]
Event: 11.493 Thread 0x00000000202f0000 Exception <a 'java/lang/NoSuchMethodError': <clinit>> (0x00000000dfa4d738) thrown at [C:\src\AOSP-openjdk-git\hotspot\src\share\vm\prims\jni.cpp, line 1615]

Events (10 events):
Event: 11.625 loading class java/lang/ProcessImpl$2
Event: 11.625 loading class java/lang/ProcessImpl$2 done
Event: 11.625 loading class com/android/utils/GrabProcessOutput$Wait
Event: 11.625 loading class com/android/utils/GrabProcessOutput$Wait done
Event: 11.626 loading class com/android/utils/GrabProcessOutput
Event: 11.626 loading class com/android/utils/GrabProcessOutput done
Event: 11.626 loading class com/android/utils/GrabProcessOutput$1
Event: 11.626 loading class com/android/utils/GrabProcessOutput$1 done
Event: 11.627 loading class com/android/utils/GrabProcessOutput$2
Event: 11.627 loading class com/android/utils/GrabProcessOutput$2 done


Dynamic libraries:
0x00007ff77a980000 - 0x00007ff77a9b1000 	C:\Program Files\Android\Android Studio\jre\bin\java.exe
0x00007ff9431b0000 - 0x00007ff9433a5000 	C:\Windows\SYSTEM32\ntdll.dll
0x00007ff9421d0000 - 0x00007ff94228d000 	C:\Windows\System32\KERNEL32.DLL
0x00007ff940e00000 - 0x00007ff9410c8000 	C:\Windows\System32\KERNELBASE.dll
0x00007ff942d30000 - 0x00007ff942ddc000 	C:\Windows\System32\ADVAPI32.dll
0x00007ff9416b0000 - 0x00007ff94174e000 	C:\Windows\System32\msvcrt.dll
0x00007ff942290000 - 0x00007ff94232b000 	C:\Windows\System32\sechost.dll
0x00007ff941580000 - 0x00007ff9416ab000 	C:\Windows\System32\RPCRT4.dll
0x00007ff942410000 - 0x00007ff9425b0000 	C:\Windows\System32\USER32.dll
0x00007ff940dd0000 - 0x00007ff940df2000 	C:\Windows\System32\win32u.dll
0x00007ff941dd0000 - 0x00007ff941dfa000 	C:\Windows\System32\GDI32.dll
0x00007ff941100000 - 0x00007ff94120b000 	C:\Windows\System32\gdi32full.dll
0x00007ff940c30000 - 0x00007ff940ccd000 	C:\Windows\System32\msvcp_win.dll
0x00007ff940b30000 - 0x00007ff940c30000 	C:\Windows\System32\ucrtbase.dll
0x00007ff9286c0000 - 0x00007ff92895a000 	C:\Windows\WinSxS\amd64_microsoft.windows.common-controls_6595b64144ccf1df_6.0.19041.844_none_ca00b6081b84eb1d\COMCTL32.dll
0x00007ff942d00000 - 0x00007ff942d30000 	C:\Windows\System32\IMM32.DLL
0x00000000609e0000 - 0x0000000060ab2000 	C:\Program Files\Android\Android Studio\jre\jre\bin\msvcr100.dll
0x0000000061950000 - 0x000000006219b000 	C:\Program Files\Android\Android Studio\jre\jre\bin\server\jvm.dll
0x00007ff942160000 - 0x00007ff942168000 	C:\Windows\System32\PSAPI.DLL
0x00007ff9294c0000 - 0x00007ff9294e7000 	C:\Windows\SYSTEM32\WINMM.dll
0x00007ff939060000 - 0x00007ff939069000 	C:\Windows\SYSTEM32\WSOCK32.dll
0x00007ff934970000 - 0x00007ff93497a000 	C:\Windows\SYSTEM32\VERSION.dll
0x00007ff9414b0000 - 0x00007ff94151b000 	C:\Windows\System32\WS2_32.dll
0x00007ff937b40000 - 0x00007ff937b4f000 	C:\Program Files\Android\Android Studio\jre\jre\bin\verify.dll
0x00007ff935990000 - 0x00007ff9359b9000 	C:\Program Files\Android\Android Studio\jre\jre\bin\java.dll
0x00007ff934760000 - 0x00007ff934776000 	C:\Program Files\Android\Android Studio\jre\jre\bin\zip.dll
0x00007ff9425b0000 - 0x00007ff942cf2000 	C:\Windows\System32\SHELL32.dll
0x00007ff93b630000 - 0x00007ff93bdc0000 	C:\Windows\SYSTEM32\windows.storage.dll
0x00007ff941e00000 - 0x00007ff942155000 	C:\Windows\System32\combase.dll
0x00007ff940360000 - 0x00007ff94038c000 	C:\Windows\SYSTEM32\Wldp.dll
0x00007ff942de0000 - 0x00007ff942e8e000 	C:\Windows\System32\SHCORE.dll
0x00007ff941520000 - 0x00007ff941575000 	C:\Windows\System32\shlwapi.dll
0x00007ff940830000 - 0x00007ff94084f000 	C:\Windows\SYSTEM32\profapi.dll
0x00007ff933e00000 - 0x00007ff933e1a000 	C:\Program Files\Android\Android Studio\jre\jre\bin\net.dll
0x00007ff9400d0000 - 0x00007ff94013a000 	C:\Windows\system32\mswsock.dll
0x00007ff933d40000 - 0x00007ff933d53000 	C:\Program Files\Android\Android Studio\jre\jre\bin\nio.dll
0x00007ff929830000 - 0x00007ff929856000 	C:\Users\thddn\.gradle\native\31\windows-amd64\native-platform.dll
0x00007ff937a40000 - 0x00007ff937a4d000 	C:\Program Files\Android\Android Studio\jre\jre\bin\management.dll
0x00007ff9402a0000 - 0x00007ff9402b8000 	C:\Windows\SYSTEM32\CRYPTSP.dll
0x00007ff93fa00000 - 0x00007ff93fa34000 	C:\Windows\system32\rsaenh.dll
0x00007ff9410d0000 - 0x00007ff9410f7000 	C:\Windows\System32\bcrypt.dll
0x00007ff9407f0000 - 0x00007ff94081e000 	C:\Windows\SYSTEM32\USERENV.dll
0x00007ff9408f0000 - 0x00007ff940970000 	C:\Windows\System32\bcryptprimitives.dll
0x00007ff9402c0000 - 0x00007ff9402cc000 	C:\Windows\SYSTEM32\CRYPTBASE.dll
0x00007ff93fd70000 - 0x00007ff93fdab000 	C:\Windows\SYSTEM32\IPHLPAPI.DLL
0x00007ff941410000 - 0x00007ff941418000 	C:\Windows\System32\NSI.dll
0x00007ff934550000 - 0x00007ff934567000 	C:\Windows\SYSTEM32\dhcpcsvc6.DLL
0x00007ff9348e0000 - 0x00007ff9348fd000 	C:\Windows\SYSTEM32\dhcpcsvc.DLL
0x00007ff93fdb0000 - 0x00007ff93fe7c000 	C:\Windows\SYSTEM32\DNSAPI.dll

VM Arguments:
jvm_args: -Xmx2048m -Dfile.encoding=x-windows-949 -Duser.country=KR -Duser.language=ko -Duser.variant 
java_command: org.gradle.launcher.daemon.bootstrap.GradleDaemon 6.1.1
java_class_path (initial): C:\Users\thddn\.gradle\wrapper\dists\gradle-6.1.1-all\cfmwm155h49vnt3hynmlrsdst\gradle-6.1.1\lib\gradle-launcher-6.1.1.jar
Launcher Type: SUN_STANDARD

Environment Variables:
JAVA_HOME=C:\Program Files\Java\jdk-14.0.2
PATH=C:\Program Files (x86)\Common Files\Oracle\Java\javapath;C:\Windows\system32;C:\Windows;C:\Windows\System32\Wbem;C:\Windows\System32\WindowsPowerShell\v1.0\;C:\Windows\System32\OpenSSH\;C:\Program Files\Java\jdk-14.0.2\bin;C:\Program Files\MySQL\MySQL Server 5.7\bin;C:\Program Files\apache-maven-3.6.3\bin;C:\Program Files\nodejs\;C:\Program Files\Git\cmd;C:\MinGW\bin;C:\Program Files\ffmpeg\bin;C:\Program Files\MySQL\MySQL Shell 8.0\bin\;C:\Users\thddn\AppData\Local\Programs\Python\Python39\Scripts\;C:\Users\thddn\AppData\Local\Programs\Python\Python39\;C:\Users\thddn\AppData\Roaming\npm;C:\Program Files\Bandizip\;C:\Tools\gradle-7.0.2\bin;C:\Program Files\apache-maven-3.6.3\bin;
USERNAME=thddn
OS=Windows_NT
PROCESSOR_IDENTIFIER=Intel64 Family 6 Model 142 Stepping 12, GenuineIntel



---------------  S Y S T E M  ---------------

OS: Windows 10.0 , 64 bit Build 19041 (10.0.19041.928)

CPU:total 8 (initial active 8) (4 cores per cpu, 2 threads per core) family 6 model 142 stepping 12, cmov, cx8, fxsr, mmx, sse, sse2, sse3, ssse3, sse4.1, sse4.2, popcnt, avx, avx2, aes, clmul, erms, 3dnowpref, lzcnt, ht, tsc, tscinvbit, bmi1, bmi2, adx

Memory: 4k page, physical 16582256k(4986580k free), swap 16582256k(7016k free)

vm_info: OpenJDK 64-Bit Server VM (25.242-b01) for windows-amd64 JRE (1.8.0_242-release-1644-b01), built by "builder" with MS VC++ 10.0 (VS2010)

time: Tue Jun 01 16:08:58 2021
timezone: 대한민국 표준시
elapsed time: 11 seconds (0d 0h 0m 11s)

